-------------------------------------------------------------------------------
Test set: com.xuecheng.manage_course.dao.TestDao
-------------------------------------------------------------------------------
Tests run: 3, Failures: 0, Errors: 1, Skipped: 0, Time elapsed: 9.788 s <<< FAILURE! - in com.xuecheng.manage_course.dao.TestDao
testQuery(com.xuecheng.manage_course.dao.TestDao)  Time elapsed: 0.136 s  <<< ERROR!
org.springframework.jdbc.BadSqlGrammarException: 

### Error querying database.  Cause: java.sql.SQLSyntaxErrorException: Unknown column 'a.courceid' in 'where clause'
### The error may exist in com/xuecheng/manage_course/dao/TeachplanMapper.xml
### The error may involve com.xuecheng.manage_course.dao.TeachplanMapper.selectList-Inline
### The error occurred while setting parameters
### SQL: SELECT   a.id one_id,   a.pname one_name,   b.id two_id,   b.pname two_name,   c.id three_id,   c.pname three_name  FROM   teachplan a  LEFT JOIN teachplan b ON a.id = b.parentid  LEFT JOIN teachplan c ON b.id = c.parentid  WHERE   a.parentid = '0'      AND a.courceid = ?      ORDER BY   a.orderby,   b.orderby,   c.orderby
### Cause: java.sql.SQLSyntaxErrorException: Unknown column 'a.courceid' in 'where clause'
; bad SQL grammar []; nested exception is java.sql.SQLSyntaxErrorException: Unknown column 'a.courceid' in 'where clause'
	at com.xuecheng.manage_course.dao.TestDao.testQuery(TestDao.java:46)
Caused by: java.sql.SQLSyntaxErrorException: Unknown column 'a.courceid' in 'where clause'
	at com.xuecheng.manage_course.dao.TestDao.testQuery(TestDao.java:46)

