<?xml version="1.0" encoding="UTF-8"?>
<testsuite xmlns:xsi="http://www.w3.org/2001/XMLSchema-instance" xsi:noNamespaceSchemaLocation="https://maven.apache.org/surefire/maven-surefire-plugin/xsd/surefire-test-report.xsd" name="com.xuecheng.manage_course.dao.TestDao" time="9.788" tests="3" errors="1" skipped="0" failures="0">
  <properties>
[...]
</properties>
  <testcase name="testCourseMapper" classname="com.xuecheng.manage_course.dao.TestDao" time="0.523"/>
  <testcase name="testCourseBaseRepository" classname="com.xuecheng.manage_course.dao.TestDao" time="0.063"/>
  <testcase name="testQuery" classname="com.xuecheng.manage_course.dao.TestDao" time="0.136">
    <error message="&#10;### Error querying database.  Cause: java.sql.SQLSyntaxErrorException: Unknown column &apos;a.courceid&apos; in &apos;where clause&apos;&#10;### The error may exist in com/xuecheng/manage_course/dao/TeachplanMapper.xml&#10;### The error may involve com.xuecheng.manage_course.dao.TeachplanMapper.selectList-Inline&#10;### The error occurred while setting parameters&#10;### SQL: SELECT   a.id one_id,   a.pname one_name,   b.id two_id,   b.pname two_name,   c.id three_id,   c.pname three_name  FROM   teachplan a  LEFT JOIN teachplan b ON a.id = b.parentid  LEFT JOIN teachplan c ON b.id = c.parentid  WHERE   a.parentid = &apos;0&apos;      AND a.courceid = ?      ORDER BY   a.orderby,   b.orderby,   c.orderby&#10;### Cause: java.sql.SQLSyntaxErrorException: Unknown column &apos;a.courceid&apos; in &apos;where clause&apos;&#10;; bad SQL grammar []; nested exception is java.sql.SQLSyntaxErrorException: Unknown column &apos;a.courceid&apos; in &apos;where clause&apos;" type="org.springframework.jdbc.BadSqlGrammarException">org.springframework.jdbc.BadSqlGrammarException: 

### Error querying database.  Cause: java.sql.SQLSyntaxErrorException: Unknown column 'a.courceid' in 'where clause'
### The error may exist in com/xuecheng/manage_course/dao/TeachplanMapper.xml
### The error may involve com.xuecheng.manage_course.dao.TeachplanMapper.selectList-Inline
### The error occurred while setting parameters
### SQL: SELECT   a.id one_id,   a.pname one_name,   b.id two_id,   b.pname two_name,   c.id three_id,   c.pname three_name  FROM   teachplan a  LEFT JOIN teachplan b ON a.id = b.parentid  LEFT JOIN teachplan c ON b.id = c.parentid  WHERE   a.parentid = '0'      AND a.courceid = ?      ORDER BY   a.orderby,   b.orderby,   c.orderby
### Cause: java.sql.SQLSyntaxErrorException: Unknown column 'a.courceid' in 'where clause'
; bad SQL grammar []; nested exception is java.sql.SQLSyntaxErrorException: Unknown column 'a.courceid' in 'where clause'
	at com.xuecheng.manage_course.dao.TestDao.testQuery(TestDao.java:46)
Caused by: java.sql.SQLSyntaxErrorException: Unknown column 'a.courceid' in 'where clause'
	at com.xuecheng.manage_course.dao.TestDao.testQuery(TestDao.java:46)
</error>
    <system-out><![CDATA[2018-12-04 14:30:39.269 [main] INFO  o.s.b.f.xml.XmlBeanDefinitionReader - Loading XML bean definitions from class path resource [org/springframework/jdbc/support/sql-error-codes.xml]
2018-12-04 14:30:39.312 [main] INFO  o.s.j.support.SQLErrorCodesFactory - SQLErrorCodes loaded: [DB2, Derby, H2, HDB, HSQL, Informix, MS-SQL, MySQL, Oracle, PostgreSQL, Sybase]
]]></system-out>
  </testcase>
</testsuite>